[0.014s] Invoking command in '/home/avani/sim_ws/src/lab-6-motion-planning-team3/build/lab7_pkg': CMAKE_PREFIX_PATH=${CMAKE_PREFIX_PATH}:/home/avani/roboracer_ws/install/f1tenth_gym_ros:/opt/ros/humble /usr/bin/cmake --build /home/avani/sim_ws/src/lab-6-motion-planning-team3/build/lab7_pkg -- -j4 -l4
[0.085s] [35m[1mConsolidate compiler generated dependencies of target rrt_node[0m
[0.102s] [100%] Built target rrt_node
[0.145s] [100%] Built target ament_cmake_python_copy_lab7_pkg
[0.179s] [100%] Built target ament_cmake_python_copy_lab7_pkg_setup
[0.370s] running egg_info
[0.371s] writing lab7_pkg.egg-info/PKG-INFO
[0.372s] writing dependency_links to lab7_pkg.egg-info/dependency_links.txt
[0.373s] writing top-level names to lab7_pkg.egg-info/top_level.txt
[0.375s] reading manifest file 'lab7_pkg.egg-info/SOURCES.txt'
[0.377s] writing manifest file 'lab7_pkg.egg-info/SOURCES.txt'
[0.403s] [100%] Built target ament_cmake_python_build_lab7_pkg_egg
[0.422s] Invoked command in '/home/avani/sim_ws/src/lab-6-motion-planning-team3/build/lab7_pkg' returned '0': CMAKE_PREFIX_PATH=${CMAKE_PREFIX_PATH}:/home/avani/roboracer_ws/install/f1tenth_gym_ros:/opt/ros/humble /usr/bin/cmake --build /home/avani/sim_ws/src/lab-6-motion-planning-team3/build/lab7_pkg -- -j4 -l4
[0.434s] Invoking command in '/home/avani/sim_ws/src/lab-6-motion-planning-team3/build/lab7_pkg': CMAKE_PREFIX_PATH=${CMAKE_PREFIX_PATH}:/home/avani/roboracer_ws/install/f1tenth_gym_ros:/opt/ros/humble /usr/bin/cmake --install /home/avani/sim_ws/src/lab-6-motion-planning-team3/build/lab7_pkg
[0.441s] -- Install configuration: ""
[0.442s] -- Up-to-date: /home/avani/sim_ws/src/lab-6-motion-planning-team3/install/lab7_pkg/lib/lab7_pkg/rrt_node
[0.442s] -- Up-to-date: /home/avani/sim_ws/src/lab-6-motion-planning-team3/install/lab7_pkg/share/lab7_pkg/environment/pythonpath.sh
[0.442s] -- Up-to-date: /home/avani/sim_ws/src/lab-6-motion-planning-team3/install/lab7_pkg/share/lab7_pkg/environment/pythonpath.dsv
[0.442s] -- Up-to-date: /home/avani/sim_ws/src/lab-6-motion-planning-team3/install/lab7_pkg/local/lib/python3.10/dist-packages/lab7_pkg-0.0.0-py3.10.egg-info
[0.442s] -- Installing: /home/avani/sim_ws/src/lab-6-motion-planning-team3/install/lab7_pkg/local/lib/python3.10/dist-packages/lab7_pkg-0.0.0-py3.10.egg-info/SOURCES.txt
[0.442s] -- Installing: /home/avani/sim_ws/src/lab-6-motion-planning-team3/install/lab7_pkg/local/lib/python3.10/dist-packages/lab7_pkg-0.0.0-py3.10.egg-info/dependency_links.txt
[0.442s] -- Installing: /home/avani/sim_ws/src/lab-6-motion-planning-team3/install/lab7_pkg/local/lib/python3.10/dist-packages/lab7_pkg-0.0.0-py3.10.egg-info/PKG-INFO
[0.442s] -- Installing: /home/avani/sim_ws/src/lab-6-motion-planning-team3/install/lab7_pkg/local/lib/python3.10/dist-packages/lab7_pkg-0.0.0-py3.10.egg-info/top_level.txt
[0.442s] -- Up-to-date: /home/avani/sim_ws/src/lab-6-motion-planning-team3/install/lab7_pkg/local/lib/python3.10/dist-packages/lab7_pkg
[0.442s] -- Up-to-date: /home/avani/sim_ws/src/lab-6-motion-planning-team3/install/lab7_pkg/local/lib/python3.10/dist-packages/lab7_pkg/__init__.py
[0.479s] Listing '/home/avani/sim_ws/src/lab-6-motion-planning-team3/install/lab7_pkg/local/lib/python3.10/dist-packages/lab7_pkg'...
[0.483s] -- Up-to-date: /home/avani/sim_ws/src/lab-6-motion-planning-team3/install/lab7_pkg/lib/lab7_pkg/rrt_node.py
[0.483s] -- Up-to-date: /home/avani/sim_ws/src/lab-6-motion-planning-team3/install/lab7_pkg/lib/lab7_pkg/pure_pursuit_rrt.py
[0.483s] -- Up-to-date: /home/avani/sim_ws/src/lab-6-motion-planning-team3/install/lab7_pkg/lib/lab7_pkg/debug_node.py
[0.483s] -- Up-to-date: /home/avani/sim_ws/src/lab-6-motion-planning-team3/install/lab7_pkg/lib/lab7_pkg/waypoint_gen_node.py
[0.483s] -- Up-to-date: /home/avani/sim_ws/src/lab-6-motion-planning-team3/install/lab7_pkg/share/ament_index/resource_index/package_run_dependencies/lab7_pkg
[0.483s] -- Up-to-date: /home/avani/sim_ws/src/lab-6-motion-planning-team3/install/lab7_pkg/share/ament_index/resource_index/parent_prefix_path/lab7_pkg
[0.483s] -- Up-to-date: /home/avani/sim_ws/src/lab-6-motion-planning-team3/install/lab7_pkg/share/lab7_pkg/environment/ament_prefix_path.sh
[0.483s] -- Up-to-date: /home/avani/sim_ws/src/lab-6-motion-planning-team3/install/lab7_pkg/share/lab7_pkg/environment/ament_prefix_path.dsv
[0.483s] -- Up-to-date: /home/avani/sim_ws/src/lab-6-motion-planning-team3/install/lab7_pkg/share/lab7_pkg/environment/path.sh
[0.483s] -- Up-to-date: /home/avani/sim_ws/src/lab-6-motion-planning-team3/install/lab7_pkg/share/lab7_pkg/environment/path.dsv
[0.483s] -- Up-to-date: /home/avani/sim_ws/src/lab-6-motion-planning-team3/install/lab7_pkg/share/lab7_pkg/local_setup.bash
[0.483s] -- Up-to-date: /home/avani/sim_ws/src/lab-6-motion-planning-team3/install/lab7_pkg/share/lab7_pkg/local_setup.sh
[0.483s] -- Up-to-date: /home/avani/sim_ws/src/lab-6-motion-planning-team3/install/lab7_pkg/share/lab7_pkg/local_setup.zsh
[0.483s] -- Up-to-date: /home/avani/sim_ws/src/lab-6-motion-planning-team3/install/lab7_pkg/share/lab7_pkg/local_setup.dsv
[0.483s] -- Installing: /home/avani/sim_ws/src/lab-6-motion-planning-team3/install/lab7_pkg/share/lab7_pkg/package.dsv
[0.483s] -- Up-to-date: /home/avani/sim_ws/src/lab-6-motion-planning-team3/install/lab7_pkg/share/ament_index/resource_index/packages/lab7_pkg
[0.483s] -- Up-to-date: /home/avani/sim_ws/src/lab-6-motion-planning-team3/install/lab7_pkg/share/lab7_pkg/cmake/lab7_pkgConfig.cmake
[0.483s] -- Up-to-date: /home/avani/sim_ws/src/lab-6-motion-planning-team3/install/lab7_pkg/share/lab7_pkg/cmake/lab7_pkgConfig-version.cmake
[0.484s] -- Up-to-date: /home/avani/sim_ws/src/lab-6-motion-planning-team3/install/lab7_pkg/share/lab7_pkg/package.xml
[0.493s] Invoked command in '/home/avani/sim_ws/src/lab-6-motion-planning-team3/build/lab7_pkg' returned '0': CMAKE_PREFIX_PATH=${CMAKE_PREFIX_PATH}:/home/avani/roboracer_ws/install/f1tenth_gym_ros:/opt/ros/humble /usr/bin/cmake --install /home/avani/sim_ws/src/lab-6-motion-planning-team3/build/lab7_pkg
