[0.022s] Invoking command in '/home/avani/sim_ws/src/lab-6-motion-planning-team3/build/lab7_pkg': CMAKE_PREFIX_PATH=${CMAKE_PREFIX_PATH}:/home/avani/roboracer_ws/install/f1tenth_gym_ros:/opt/ros/humble /usr/bin/cmake /home/avani/sim_ws/src/lab-6-motion-planning-team3/lab7_pkg -DCMAKE_INSTALL_PREFIX=/home/avani/sim_ws/src/lab-6-motion-planning-team3/install/lab7_pkg
[0.402s] -- The C compiler identification is GNU 11.4.0
[0.601s] -- The CXX compiler identification is GNU 11.4.0
[0.620s] -- Detecting C compiler ABI info
[0.739s] -- Detecting C compiler ABI info - done
[0.741s] -- Check for working C compiler: /usr/bin/cc - skipped
[0.741s] -- Detecting C compile features
[0.741s] -- Detecting C compile features - done
[0.744s] -- Detecting CXX compiler ABI info
[0.830s] -- Detecting CXX compiler ABI info - done
[0.832s] -- Check for working CXX compiler: /usr/bin/c++ - skipped
[0.833s] -- Detecting CXX compile features
[0.833s] -- Detecting CXX compile features - done
[0.840s] -- Found ament_cmake: 1.3.12 (/opt/ros/humble/share/ament_cmake/cmake)
[0.993s] -- Found Python3: /usr/bin/python3 (found version "3.10.12") found components: Interpreter 
[1.088s] -- Found rclcpp: 16.0.17 (/opt/ros/humble/share/rclcpp/cmake)
[1.151s] -- Found rosidl_generator_c: 3.1.8 (/opt/ros/humble/share/rosidl_generator_c/cmake)
[1.157s] -- Found rosidl_adapter: 3.1.8 (/opt/ros/humble/share/rosidl_adapter/cmake)
[1.170s] -- Found rosidl_generator_cpp: 3.1.8 (/opt/ros/humble/share/rosidl_generator_cpp/cmake)
[1.187s] -- Using all available rosidl_typesupport_c: rosidl_typesupport_fastrtps_c;rosidl_typesupport_introspection_c
[1.207s] -- Using all available rosidl_typesupport_cpp: rosidl_typesupport_fastrtps_cpp;rosidl_typesupport_introspection_cpp
[1.262s] -- Found rmw_implementation_cmake: 6.1.2 (/opt/ros/humble/share/rmw_implementation_cmake/cmake)
[1.266s] -- Found rmw_fastrtps_cpp: 6.2.9 (/opt/ros/humble/share/rmw_fastrtps_cpp/cmake)
[1.369s] -- Found OpenSSL: /usr/lib/x86_64-linux-gnu/libcrypto.so (found version "3.0.2")  
[1.388s] -- Found FastRTPS: /opt/ros/humble/include  
[1.414s] -- Using RMW implementation 'rmw_fastrtps_cpp' as default
[1.425s] -- Looking for pthread.h
[1.498s] -- Looking for pthread.h - found
[1.498s] -- Performing Test CMAKE_HAVE_LIBC_PTHREAD
[1.567s] -- Performing Test CMAKE_HAVE_LIBC_PTHREAD - Success
[1.567s] -- Found Threads: TRUE  
[1.621s] -- Found rclpy: 3.3.19 (/opt/ros/humble/share/rclpy/cmake)
[1.622s] -- Found geometry_msgs: 4.9.0 (/opt/ros/humble/share/geometry_msgs/cmake)
[1.640s] -- Found nav_msgs: 4.9.0 (/opt/ros/humble/share/nav_msgs/cmake)
[1.658s] -- Found ackermann_msgs: 2.0.2 (/opt/ros/humble/share/ackermann_msgs/cmake)
[1.671s] -- Found sensor_msgs: 4.9.0 (/opt/ros/humble/share/sensor_msgs/cmake)
[1.687s] -- Found visualization_msgs: 4.9.0 (/opt/ros/humble/share/visualization_msgs/cmake)
[1.704s] -- Found tf2_ros: 0.25.18 (/opt/ros/humble/share/tf2_ros/cmake)
[1.926s] -- Configuring done
[1.941s] -- Generating done
[1.948s] -- Build files have been written to: /home/avani/sim_ws/src/lab-6-motion-planning-team3/build/lab7_pkg
[1.959s] Invoked command in '/home/avani/sim_ws/src/lab-6-motion-planning-team3/build/lab7_pkg' returned '0': CMAKE_PREFIX_PATH=${CMAKE_PREFIX_PATH}:/home/avani/roboracer_ws/install/f1tenth_gym_ros:/opt/ros/humble /usr/bin/cmake /home/avani/sim_ws/src/lab-6-motion-planning-team3/lab7_pkg -DCMAKE_INSTALL_PREFIX=/home/avani/sim_ws/src/lab-6-motion-planning-team3/install/lab7_pkg
[1.963s] Invoking command in '/home/avani/sim_ws/src/lab-6-motion-planning-team3/build/lab7_pkg': CMAKE_PREFIX_PATH=${CMAKE_PREFIX_PATH}:/home/avani/roboracer_ws/install/f1tenth_gym_ros:/opt/ros/humble /usr/bin/cmake --build /home/avani/sim_ws/src/lab-6-motion-planning-team3/build/lab7_pkg -- -j4 -l4
[2.011s] [ 33%] [32mBuilding CXX object CMakeFiles/rrt_node.dir/src/rrt_node.cpp.o[0m
[2.023s] [ 66%] [32mBuilding CXX object CMakeFiles/rrt_node.dir/src/occupancy_grid.cpp.o[0m
[2.024s] [ 66%] Built target ament_cmake_python_copy_lab7_pkg_setup
[2.031s] [ 66%] Built target ament_cmake_python_copy_lab7_pkg
[2.200s] running egg_info
[2.200s] creating lab7_pkg.egg-info
[2.200s] writing lab7_pkg.egg-info/PKG-INFO
[2.200s] writing dependency_links to lab7_pkg.egg-info/dependency_links.txt
[2.200s] writing top-level names to lab7_pkg.egg-info/top_level.txt
[2.201s] writing manifest file 'lab7_pkg.egg-info/SOURCES.txt'
[2.204s] reading manifest file 'lab7_pkg.egg-info/SOURCES.txt'
[2.205s] writing manifest file 'lab7_pkg.egg-info/SOURCES.txt'
[2.224s] [ 66%] Built target ament_cmake_python_build_lab7_pkg_egg
[11.128s] [100%] [32m[1mLinking CXX executable rrt_node[0m
[11.810s] [100%] Built target rrt_node
[11.821s] Invoked command in '/home/avani/sim_ws/src/lab-6-motion-planning-team3/build/lab7_pkg' returned '0': CMAKE_PREFIX_PATH=${CMAKE_PREFIX_PATH}:/home/avani/roboracer_ws/install/f1tenth_gym_ros:/opt/ros/humble /usr/bin/cmake --build /home/avani/sim_ws/src/lab-6-motion-planning-team3/build/lab7_pkg -- -j4 -l4
[11.843s] Invoking command in '/home/avani/sim_ws/src/lab-6-motion-planning-team3/build/lab7_pkg': CMAKE_PREFIX_PATH=${CMAKE_PREFIX_PATH}:/home/avani/roboracer_ws/install/f1tenth_gym_ros:/opt/ros/humble /usr/bin/cmake --install /home/avani/sim_ws/src/lab-6-motion-planning-team3/build/lab7_pkg
[11.851s] -- Install configuration: ""
[11.851s] -- Installing: /home/avani/sim_ws/src/lab-6-motion-planning-team3/install/lab7_pkg/lib/lab7_pkg/rrt_node
[11.856s] -- Set runtime path of "/home/avani/sim_ws/src/lab-6-motion-planning-team3/install/lab7_pkg/lib/lab7_pkg/rrt_node" to ""
[11.856s] -- Installing: /home/avani/sim_ws/src/lab-6-motion-planning-team3/install/lab7_pkg/share/lab7_pkg/environment/pythonpath.sh
[11.856s] -- Installing: /home/avani/sim_ws/src/lab-6-motion-planning-team3/install/lab7_pkg/share/lab7_pkg/environment/pythonpath.dsv
[11.856s] -- Installing: /home/avani/sim_ws/src/lab-6-motion-planning-team3/install/lab7_pkg/local/lib/python3.10/dist-packages/lab7_pkg-0.0.0-py3.10.egg-info
[11.856s] -- Installing: /home/avani/sim_ws/src/lab-6-motion-planning-team3/install/lab7_pkg/local/lib/python3.10/dist-packages/lab7_pkg-0.0.0-py3.10.egg-info/SOURCES.txt
[11.856s] -- Installing: /home/avani/sim_ws/src/lab-6-motion-planning-team3/install/lab7_pkg/local/lib/python3.10/dist-packages/lab7_pkg-0.0.0-py3.10.egg-info/dependency_links.txt
[11.856s] -- Installing: /home/avani/sim_ws/src/lab-6-motion-planning-team3/install/lab7_pkg/local/lib/python3.10/dist-packages/lab7_pkg-0.0.0-py3.10.egg-info/PKG-INFO
[11.856s] -- Installing: /home/avani/sim_ws/src/lab-6-motion-planning-team3/install/lab7_pkg/local/lib/python3.10/dist-packages/lab7_pkg-0.0.0-py3.10.egg-info/top_level.txt
[11.856s] -- Installing: /home/avani/sim_ws/src/lab-6-motion-planning-team3/install/lab7_pkg/local/lib/python3.10/dist-packages/lab7_pkg
[11.856s] -- Installing: /home/avani/sim_ws/src/lab-6-motion-planning-team3/install/lab7_pkg/local/lib/python3.10/dist-packages/lab7_pkg/__init__.py
[11.880s] Listing '/home/avani/sim_ws/src/lab-6-motion-planning-team3/install/lab7_pkg/local/lib/python3.10/dist-packages/lab7_pkg'...
[11.880s] Compiling '/home/avani/sim_ws/src/lab-6-motion-planning-team3/install/lab7_pkg/local/lib/python3.10/dist-packages/lab7_pkg/__init__.py'...
[11.884s] -- Installing: /home/avani/sim_ws/src/lab-6-motion-planning-team3/install/lab7_pkg/lib/lab7_pkg/rrt_node.py
[11.884s] -- Installing: /home/avani/sim_ws/src/lab-6-motion-planning-team3/install/lab7_pkg/lib/lab7_pkg/pure_pursuit_rrt.py
[11.884s] -- Installing: /home/avani/sim_ws/src/lab-6-motion-planning-team3/install/lab7_pkg/lib/lab7_pkg/debug_node.py
[11.885s] -- Installing: /home/avani/sim_ws/src/lab-6-motion-planning-team3/install/lab7_pkg/lib/lab7_pkg/waypoint_gen_node.py
[11.885s] -- Installing: /home/avani/sim_ws/src/lab-6-motion-planning-team3/install/lab7_pkg/share/ament_index/resource_index/package_run_dependencies/lab7_pkg
[11.885s] -- Installing: /home/avani/sim_ws/src/lab-6-motion-planning-team3/install/lab7_pkg/share/ament_index/resource_index/parent_prefix_path/lab7_pkg
[11.885s] -- Installing: /home/avani/sim_ws/src/lab-6-motion-planning-team3/install/lab7_pkg/share/lab7_pkg/environment/ament_prefix_path.sh
[11.885s] -- Installing: /home/avani/sim_ws/src/lab-6-motion-planning-team3/install/lab7_pkg/share/lab7_pkg/environment/ament_prefix_path.dsv
[11.886s] -- Installing: /home/avani/sim_ws/src/lab-6-motion-planning-team3/install/lab7_pkg/share/lab7_pkg/environment/path.sh
[11.886s] -- Installing: /home/avani/sim_ws/src/lab-6-motion-planning-team3/install/lab7_pkg/share/lab7_pkg/environment/path.dsv
[11.886s] -- Installing: /home/avani/sim_ws/src/lab-6-motion-planning-team3/install/lab7_pkg/share/lab7_pkg/local_setup.bash
[11.886s] -- Installing: /home/avani/sim_ws/src/lab-6-motion-planning-team3/install/lab7_pkg/share/lab7_pkg/local_setup.sh
[11.886s] -- Installing: /home/avani/sim_ws/src/lab-6-motion-planning-team3/install/lab7_pkg/share/lab7_pkg/local_setup.zsh
[11.886s] -- Installing: /home/avani/sim_ws/src/lab-6-motion-planning-team3/install/lab7_pkg/share/lab7_pkg/local_setup.dsv
[11.886s] -- Installing: /home/avani/sim_ws/src/lab-6-motion-planning-team3/install/lab7_pkg/share/lab7_pkg/package.dsv
[11.886s] -- Installing: /home/avani/sim_ws/src/lab-6-motion-planning-team3/install/lab7_pkg/share/ament_index/resource_index/packages/lab7_pkg
[11.886s] -- Installing: /home/avani/sim_ws/src/lab-6-motion-planning-team3/install/lab7_pkg/share/lab7_pkg/cmake/lab7_pkgConfig.cmake
[11.886s] -- Installing: /home/avani/sim_ws/src/lab-6-motion-planning-team3/install/lab7_pkg/share/lab7_pkg/cmake/lab7_pkgConfig-version.cmake
[11.886s] -- Installing: /home/avani/sim_ws/src/lab-6-motion-planning-team3/install/lab7_pkg/share/lab7_pkg/package.xml
[11.888s] Invoked command in '/home/avani/sim_ws/src/lab-6-motion-planning-team3/build/lab7_pkg' returned '0': CMAKE_PREFIX_PATH=${CMAKE_PREFIX_PATH}:/home/avani/roboracer_ws/install/f1tenth_gym_ros:/opt/ros/humble /usr/bin/cmake --install /home/avani/sim_ws/src/lab-6-motion-planning-team3/build/lab7_pkg
