[0.015s] Invoking command in '/home/avani/sim_ws/src/lab-6-motion-planning-team3/build/lab7_pkg': CMAKE_PREFIX_PATH=${CMAKE_PREFIX_PATH}:/home/avani/roboracer_ws/install/f1tenth_gym_ros:/opt/ros/humble /usr/bin/cmake --build /home/avani/sim_ws/src/lab-6-motion-planning-team3/build/lab7_pkg -- -j4 -l4
[0.087s] [35m[1mConsolidate compiler generated dependencies of target rrt_node[0m
[0.120s] [ 33%] [32mBuilding CXX object CMakeFiles/rrt_node.dir/src/rrt_node.cpp.o[0m
[11.943s] [ 66%] [32m[1mLinking CXX executable rrt_node[0m
[12.574s] [100%] Built target rrt_node
[12.606s] [100%] Built target ament_cmake_python_copy_lab7_pkg
[12.644s] [100%] Built target ament_cmake_python_copy_lab7_pkg_setup
[12.848s] running egg_info
[12.853s] writing lab7_pkg.egg-info/PKG-INFO
[12.853s] writing dependency_links to lab7_pkg.egg-info/dependency_links.txt
[12.853s] writing top-level names to lab7_pkg.egg-info/top_level.txt
[12.853s] reading manifest file 'lab7_pkg.egg-info/SOURCES.txt'
[12.853s] writing manifest file 'lab7_pkg.egg-info/SOURCES.txt'
[12.881s] [100%] Built target ament_cmake_python_build_lab7_pkg_egg
[12.898s] Invoked command in '/home/avani/sim_ws/src/lab-6-motion-planning-team3/build/lab7_pkg' returned '0': CMAKE_PREFIX_PATH=${CMAKE_PREFIX_PATH}:/home/avani/roboracer_ws/install/f1tenth_gym_ros:/opt/ros/humble /usr/bin/cmake --build /home/avani/sim_ws/src/lab-6-motion-planning-team3/build/lab7_pkg -- -j4 -l4
[12.912s] Invoking command in '/home/avani/sim_ws/src/lab-6-motion-planning-team3/build/lab7_pkg': CMAKE_PREFIX_PATH=${CMAKE_PREFIX_PATH}:/home/avani/roboracer_ws/install/f1tenth_gym_ros:/opt/ros/humble /usr/bin/cmake --install /home/avani/sim_ws/src/lab-6-motion-planning-team3/build/lab7_pkg
[12.924s] -- Install configuration: ""
[12.925s] -- Installing: /home/avani/sim_ws/src/lab-6-motion-planning-team3/install/lab7_pkg/lib/lab7_pkg/rrt_node
[12.933s] -- Set runtime path of "/home/avani/sim_ws/src/lab-6-motion-planning-team3/install/lab7_pkg/lib/lab7_pkg/rrt_node" to ""
[12.933s] -- Up-to-date: /home/avani/sim_ws/src/lab-6-motion-planning-team3/install/lab7_pkg/share/lab7_pkg/environment/pythonpath.sh
[12.933s] -- Up-to-date: /home/avani/sim_ws/src/lab-6-motion-planning-team3/install/lab7_pkg/share/lab7_pkg/environment/pythonpath.dsv
[12.933s] -- Up-to-date: /home/avani/sim_ws/src/lab-6-motion-planning-team3/install/lab7_pkg/local/lib/python3.10/dist-packages/lab7_pkg-0.0.0-py3.10.egg-info
[12.933s] -- Installing: /home/avani/sim_ws/src/lab-6-motion-planning-team3/install/lab7_pkg/local/lib/python3.10/dist-packages/lab7_pkg-0.0.0-py3.10.egg-info/SOURCES.txt
[12.934s] -- Installing: /home/avani/sim_ws/src/lab-6-motion-planning-team3/install/lab7_pkg/local/lib/python3.10/dist-packages/lab7_pkg-0.0.0-py3.10.egg-info/dependency_links.txt
[12.934s] -- Installing: /home/avani/sim_ws/src/lab-6-motion-planning-team3/install/lab7_pkg/local/lib/python3.10/dist-packages/lab7_pkg-0.0.0-py3.10.egg-info/PKG-INFO
[12.934s] -- Installing: /home/avani/sim_ws/src/lab-6-motion-planning-team3/install/lab7_pkg/local/lib/python3.10/dist-packages/lab7_pkg-0.0.0-py3.10.egg-info/top_level.txt
[12.934s] -- Up-to-date: /home/avani/sim_ws/src/lab-6-motion-planning-team3/install/lab7_pkg/local/lib/python3.10/dist-packages/lab7_pkg
[12.934s] -- Up-to-date: /home/avani/sim_ws/src/lab-6-motion-planning-team3/install/lab7_pkg/local/lib/python3.10/dist-packages/lab7_pkg/__init__.py
[12.976s] Listing '/home/avani/sim_ws/src/lab-6-motion-planning-team3/install/lab7_pkg/local/lib/python3.10/dist-packages/lab7_pkg'...
[12.981s] -- Up-to-date: /home/avani/sim_ws/src/lab-6-motion-planning-team3/install/lab7_pkg/lib/lab7_pkg/rrt_node.py
[12.981s] -- Up-to-date: /home/avani/sim_ws/src/lab-6-motion-planning-team3/install/lab7_pkg/lib/lab7_pkg/pure_pursuit_rrt.py
[12.981s] -- Up-to-date: /home/avani/sim_ws/src/lab-6-motion-planning-team3/install/lab7_pkg/lib/lab7_pkg/debug_node.py
[12.981s] -- Up-to-date: /home/avani/sim_ws/src/lab-6-motion-planning-team3/install/lab7_pkg/lib/lab7_pkg/waypoint_gen_node.py
[12.981s] -- Up-to-date: /home/avani/sim_ws/src/lab-6-motion-planning-team3/install/lab7_pkg/share/ament_index/resource_index/package_run_dependencies/lab7_pkg
[12.981s] -- Up-to-date: /home/avani/sim_ws/src/lab-6-motion-planning-team3/install/lab7_pkg/share/ament_index/resource_index/parent_prefix_path/lab7_pkg
[12.981s] -- Up-to-date: /home/avani/sim_ws/src/lab-6-motion-planning-team3/install/lab7_pkg/share/lab7_pkg/environment/ament_prefix_path.sh
[12.981s] -- Up-to-date: /home/avani/sim_ws/src/lab-6-motion-planning-team3/install/lab7_pkg/share/lab7_pkg/environment/ament_prefix_path.dsv
[12.981s] -- Up-to-date: /home/avani/sim_ws/src/lab-6-motion-planning-team3/install/lab7_pkg/share/lab7_pkg/environment/path.sh
[12.981s] -- Up-to-date: /home/avani/sim_ws/src/lab-6-motion-planning-team3/install/lab7_pkg/share/lab7_pkg/environment/path.dsv
[12.981s] -- Up-to-date: /home/avani/sim_ws/src/lab-6-motion-planning-team3/install/lab7_pkg/share/lab7_pkg/local_setup.bash
[12.981s] -- Up-to-date: /home/avani/sim_ws/src/lab-6-motion-planning-team3/install/lab7_pkg/share/lab7_pkg/local_setup.sh
[12.981s] -- Up-to-date: /home/avani/sim_ws/src/lab-6-motion-planning-team3/install/lab7_pkg/share/lab7_pkg/local_setup.zsh
[12.981s] -- Up-to-date: /home/avani/sim_ws/src/lab-6-motion-planning-team3/install/lab7_pkg/share/lab7_pkg/local_setup.dsv
[12.981s] -- Installing: /home/avani/sim_ws/src/lab-6-motion-planning-team3/install/lab7_pkg/share/lab7_pkg/package.dsv
[12.981s] -- Up-to-date: /home/avani/sim_ws/src/lab-6-motion-planning-team3/install/lab7_pkg/share/ament_index/resource_index/packages/lab7_pkg
[12.981s] -- Up-to-date: /home/avani/sim_ws/src/lab-6-motion-planning-team3/install/lab7_pkg/share/lab7_pkg/cmake/lab7_pkgConfig.cmake
[12.981s] -- Up-to-date: /home/avani/sim_ws/src/lab-6-motion-planning-team3/install/lab7_pkg/share/lab7_pkg/cmake/lab7_pkgConfig-version.cmake
[12.981s] -- Up-to-date: /home/avani/sim_ws/src/lab-6-motion-planning-team3/install/lab7_pkg/share/lab7_pkg/package.xml
[12.988s] Invoked command in '/home/avani/sim_ws/src/lab-6-motion-planning-team3/build/lab7_pkg' returned '0': CMAKE_PREFIX_PATH=${CMAKE_PREFIX_PATH}:/home/avani/roboracer_ws/install/f1tenth_gym_ros:/opt/ros/humble /usr/bin/cmake --install /home/avani/sim_ws/src/lab-6-motion-planning-team3/build/lab7_pkg
