[0.644s] Invoking command in '/home/avani/sim_ws/src/lab-6-motion-planning-team3/build/lab7_pkg': CMAKE_PREFIX_PATH=${CMAKE_PREFIX_PATH}:/home/avani/roboracer_ws/install/f1tenth_gym_ros:/opt/ros/humble /usr/bin/cmake --build /home/avani/sim_ws/src/lab-6-motion-planning-team3/build/lab7_pkg -- -j4 -l4
[0.851s] [ 33%] [32mBuilding CXX object CMakeFiles/rrt_node.dir/src/rrt_node.cpp.o[0m
[13.381s] [ 66%] [32m[1mLinking CXX executable rrt_node[0m
[14.070s] [100%] Built target rrt_node
[14.117s] [100%] Built target ament_cmake_python_copy_lab7_pkg
[14.153s] [100%] Built target ament_cmake_python_copy_lab7_pkg_setup
[14.388s] running egg_info
[14.389s] writing lab7_pkg.egg-info/PKG-INFO
[14.390s] writing dependency_links to lab7_pkg.egg-info/dependency_links.txt
[14.390s] writing top-level names to lab7_pkg.egg-info/top_level.txt
[14.393s] reading manifest file 'lab7_pkg.egg-info/SOURCES.txt'
[14.394s] writing manifest file 'lab7_pkg.egg-info/SOURCES.txt'
[14.423s] [100%] Built target ament_cmake_python_build_lab7_pkg_egg
[14.443s] Invoked command in '/home/avani/sim_ws/src/lab-6-motion-planning-team3/build/lab7_pkg' returned '0': CMAKE_PREFIX_PATH=${CMAKE_PREFIX_PATH}:/home/avani/roboracer_ws/install/f1tenth_gym_ros:/opt/ros/humble /usr/bin/cmake --build /home/avani/sim_ws/src/lab-6-motion-planning-team3/build/lab7_pkg -- -j4 -l4
[14.454s] Invoking command in '/home/avani/sim_ws/src/lab-6-motion-planning-team3/build/lab7_pkg': CMAKE_PREFIX_PATH=${CMAKE_PREFIX_PATH}:/home/avani/roboracer_ws/install/f1tenth_gym_ros:/opt/ros/humble /usr/bin/cmake --install /home/avani/sim_ws/src/lab-6-motion-planning-team3/build/lab7_pkg
[14.461s] -- Install configuration: ""
[14.461s] -- Installing: /home/avani/sim_ws/src/lab-6-motion-planning-team3/install/lab7_pkg/lib/lab7_pkg/rrt_node
[14.466s] -- Set runtime path of "/home/avani/sim_ws/src/lab-6-motion-planning-team3/install/lab7_pkg/lib/lab7_pkg/rrt_node" to ""
[14.466s] -- Up-to-date: /home/avani/sim_ws/src/lab-6-motion-planning-team3/install/lab7_pkg/share/lab7_pkg/environment/pythonpath.sh
[14.466s] -- Up-to-date: /home/avani/sim_ws/src/lab-6-motion-planning-team3/install/lab7_pkg/share/lab7_pkg/environment/pythonpath.dsv
[14.467s] -- Up-to-date: /home/avani/sim_ws/src/lab-6-motion-planning-team3/install/lab7_pkg/local/lib/python3.10/dist-packages/lab7_pkg-0.0.0-py3.10.egg-info
[14.467s] -- Installing: /home/avani/sim_ws/src/lab-6-motion-planning-team3/install/lab7_pkg/local/lib/python3.10/dist-packages/lab7_pkg-0.0.0-py3.10.egg-info/SOURCES.txt
[14.467s] -- Installing: /home/avani/sim_ws/src/lab-6-motion-planning-team3/install/lab7_pkg/local/lib/python3.10/dist-packages/lab7_pkg-0.0.0-py3.10.egg-info/dependency_links.txt
[14.468s] -- Installing: /home/avani/sim_ws/src/lab-6-motion-planning-team3/install/lab7_pkg/local/lib/python3.10/dist-packages/lab7_pkg-0.0.0-py3.10.egg-info/PKG-INFO
[14.468s] -- Installing: /home/avani/sim_ws/src/lab-6-motion-planning-team3/install/lab7_pkg/local/lib/python3.10/dist-packages/lab7_pkg-0.0.0-py3.10.egg-info/top_level.txt
[14.468s] -- Up-to-date: /home/avani/sim_ws/src/lab-6-motion-planning-team3/install/lab7_pkg/local/lib/python3.10/dist-packages/lab7_pkg
[14.468s] -- Up-to-date: /home/avani/sim_ws/src/lab-6-motion-planning-team3/install/lab7_pkg/local/lib/python3.10/dist-packages/lab7_pkg/__init__.py
[14.503s] Listing '/home/avani/sim_ws/src/lab-6-motion-planning-team3/install/lab7_pkg/local/lib/python3.10/dist-packages/lab7_pkg'...
[14.506s] -- Up-to-date: /home/avani/sim_ws/src/lab-6-motion-planning-team3/install/lab7_pkg/lib/lab7_pkg/rrt_node.py
[14.506s] -- Up-to-date: /home/avani/sim_ws/src/lab-6-motion-planning-team3/install/lab7_pkg/lib/lab7_pkg/pure_pursuit_rrt.py
[14.506s] -- Up-to-date: /home/avani/sim_ws/src/lab-6-motion-planning-team3/install/lab7_pkg/lib/lab7_pkg/debug_node.py
[14.506s] -- Up-to-date: /home/avani/sim_ws/src/lab-6-motion-planning-team3/install/lab7_pkg/lib/lab7_pkg/waypoint_gen_node.py
[14.507s] -- Up-to-date: /home/avani/sim_ws/src/lab-6-motion-planning-team3/install/lab7_pkg/share/ament_index/resource_index/package_run_dependencies/lab7_pkg
[14.507s] -- Up-to-date: /home/avani/sim_ws/src/lab-6-motion-planning-team3/install/lab7_pkg/share/ament_index/resource_index/parent_prefix_path/lab7_pkg
[14.507s] -- Up-to-date: /home/avani/sim_ws/src/lab-6-motion-planning-team3/install/lab7_pkg/share/lab7_pkg/environment/ament_prefix_path.sh
[14.507s] -- Up-to-date: /home/avani/sim_ws/src/lab-6-motion-planning-team3/install/lab7_pkg/share/lab7_pkg/environment/ament_prefix_path.dsv
[14.507s] -- Up-to-date: /home/avani/sim_ws/src/lab-6-motion-planning-team3/install/lab7_pkg/share/lab7_pkg/environment/path.sh
[14.507s] -- Up-to-date: /home/avani/sim_ws/src/lab-6-motion-planning-team3/install/lab7_pkg/share/lab7_pkg/environment/path.dsv
[14.507s] -- Up-to-date: /home/avani/sim_ws/src/lab-6-motion-planning-team3/install/lab7_pkg/share/lab7_pkg/local_setup.bash
[14.507s] -- Up-to-date: /home/avani/sim_ws/src/lab-6-motion-planning-team3/install/lab7_pkg/share/lab7_pkg/local_setup.sh
[14.507s] -- Up-to-date: /home/avani/sim_ws/src/lab-6-motion-planning-team3/install/lab7_pkg/share/lab7_pkg/local_setup.zsh
[14.507s] -- Up-to-date: /home/avani/sim_ws/src/lab-6-motion-planning-team3/install/lab7_pkg/share/lab7_pkg/local_setup.dsv
[14.507s] -- Installing: /home/avani/sim_ws/src/lab-6-motion-planning-team3/install/lab7_pkg/share/lab7_pkg/package.dsv
[14.508s] -- Up-to-date: /home/avani/sim_ws/src/lab-6-motion-planning-team3/install/lab7_pkg/share/ament_index/resource_index/packages/lab7_pkg
[14.508s] -- Up-to-date: /home/avani/sim_ws/src/lab-6-motion-planning-team3/install/lab7_pkg/share/lab7_pkg/cmake/lab7_pkgConfig.cmake
[14.508s] -- Up-to-date: /home/avani/sim_ws/src/lab-6-motion-planning-team3/install/lab7_pkg/share/lab7_pkg/cmake/lab7_pkgConfig-version.cmake
[14.508s] -- Up-to-date: /home/avani/sim_ws/src/lab-6-motion-planning-team3/install/lab7_pkg/share/lab7_pkg/package.xml
[14.511s] Invoked command in '/home/avani/sim_ws/src/lab-6-motion-planning-team3/build/lab7_pkg' returned '0': CMAKE_PREFIX_PATH=${CMAKE_PREFIX_PATH}:/home/avani/roboracer_ws/install/f1tenth_gym_ros:/opt/ros/humble /usr/bin/cmake --install /home/avani/sim_ws/src/lab-6-motion-planning-team3/build/lab7_pkg
