[0.080s] DEBUG:colcon:Command line arguments: ['/usr/bin/colcon', 'build']
[0.080s] DEBUG:colcon:Parsed command line arguments: Namespace(log_base=None, log_level=None, verb_name='build', build_base='build', install_base='install', merge_install=False, symlink_install=False, test_result_base=None, continue_on_error=False, executor='parallel', parallel_workers=4, event_handlers=None, ignore_user_meta=False, metas=['./colcon.meta'], base_paths=['.'], packages_ignore=None, packages_ignore_regex=None, paths=None, packages_up_to=None, packages_up_to_regex=None, packages_above=None, packages_above_and_dependencies=None, packages_above_depth=None, packages_select_by_dep=None, packages_skip_by_dep=None, packages_skip_up_to=None, packages_select_build_failed=False, packages_skip_build_finished=False, packages_select_test_failures=False, packages_skip_test_passed=False, packages_select=None, packages_skip=None, packages_select_regex=None, packages_skip_regex=None, packages_start=None, packages_end=None, allow_overriding=[], cmake_args=None, cmake_target=None, cmake_target_skip_unavailable=False, cmake_clean_cache=False, cmake_clean_first=False, cmake_force_configure=False, ament_cmake_args=None, catkin_cmake_args=None, catkin_skip_building_tests=False, mixin_files=None, mixin=None, verb_parser=<colcon_mixin.mixin.mixin_argument.MixinArgumentDecorator object at 0x7dfbf4b6dde0>, verb_extension=<colcon_core.verb.build.BuildVerb object at 0x7dfbf4b6d810>, main=<bound method BuildVerb.main of <colcon_core.verb.build.BuildVerb object at 0x7dfbf4b6d810>>, mixin_verb=('build',))
[0.187s] Level 1:colcon.colcon_core.package_discovery:discover_packages(colcon_meta) check parameters
[0.187s] Level 1:colcon.colcon_core.package_discovery:discover_packages(recursive) check parameters
[0.187s] Level 1:colcon.colcon_core.package_discovery:discover_packages(ignore) check parameters
[0.187s] Level 1:colcon.colcon_core.package_discovery:discover_packages(path) check parameters
[0.187s] Level 1:colcon.colcon_core.package_discovery:discover_packages(colcon_meta) discover
[0.187s] Level 1:colcon.colcon_core.package_discovery:discover_packages(recursive) discover
[0.187s] INFO:colcon.colcon_core.package_discovery:Crawling recursively for packages in '/home/avani/sim_ws/src/lab-6-motion-planning-team3'
[0.187s] Level 1:colcon.colcon_core.package_identification:_identify(.) by extensions ['ignore', 'ignore_ament_install']
[0.188s] Level 1:colcon.colcon_core.package_identification:_identify(.) by extension 'ignore'
[0.188s] Level 1:colcon.colcon_core.package_identification:_identify(.) by extension 'ignore_ament_install'
[0.188s] Level 1:colcon.colcon_core.package_identification:_identify(.) by extensions ['colcon_pkg']
[0.188s] Level 1:colcon.colcon_core.package_identification:_identify(.) by extension 'colcon_pkg'
[0.188s] Level 1:colcon.colcon_core.package_identification:_identify(.) by extensions ['colcon_meta']
[0.188s] Level 1:colcon.colcon_core.package_identification:_identify(.) by extension 'colcon_meta'
[0.188s] Level 1:colcon.colcon_core.package_identification:_identify(.) by extensions ['ros']
[0.188s] Level 1:colcon.colcon_core.package_identification:_identify(.) by extension 'ros'
[0.195s] Level 1:colcon.colcon_core.package_identification:_identify(.) by extensions ['cmake', 'python']
[0.198s] Level 1:colcon.colcon_core.package_identification:_identify(.) by extension 'cmake'
[0.198s] Level 1:colcon.colcon_core.package_identification:_identify(.) by extension 'python'
[0.198s] Level 1:colcon.colcon_core.package_identification:_identify(.) by extensions ['python_setup_py']
[0.198s] Level 1:colcon.colcon_core.package_identification:_identify(.) by extension 'python_setup_py'
[0.198s] Level 1:colcon.colcon_core.package_identification:_identify(build) by extensions ['ignore', 'ignore_ament_install']
[0.198s] Level 1:colcon.colcon_core.package_identification:_identify(build) by extension 'ignore'
[0.198s] Level 1:colcon.colcon_core.package_identification:_identify(build) ignored
[0.198s] Level 1:colcon.colcon_core.package_identification:_identify(imgs) by extensions ['ignore', 'ignore_ament_install']
[0.198s] Level 1:colcon.colcon_core.package_identification:_identify(imgs) by extension 'ignore'
[0.198s] Level 1:colcon.colcon_core.package_identification:_identify(imgs) by extension 'ignore_ament_install'
[0.198s] Level 1:colcon.colcon_core.package_identification:_identify(imgs) by extensions ['colcon_pkg']
[0.198s] Level 1:colcon.colcon_core.package_identification:_identify(imgs) by extension 'colcon_pkg'
[0.198s] Level 1:colcon.colcon_core.package_identification:_identify(imgs) by extensions ['colcon_meta']
[0.198s] Level 1:colcon.colcon_core.package_identification:_identify(imgs) by extension 'colcon_meta'
[0.198s] Level 1:colcon.colcon_core.package_identification:_identify(imgs) by extensions ['ros']
[0.199s] Level 1:colcon.colcon_core.package_identification:_identify(imgs) by extension 'ros'
[0.199s] Level 1:colcon.colcon_core.package_identification:_identify(imgs) by extensions ['cmake', 'python']
[0.199s] Level 1:colcon.colcon_core.package_identification:_identify(imgs) by extension 'cmake'
[0.199s] Level 1:colcon.colcon_core.package_identification:_identify(imgs) by extension 'python'
[0.199s] Level 1:colcon.colcon_core.package_identification:_identify(imgs) by extensions ['python_setup_py']
[0.199s] Level 1:colcon.colcon_core.package_identification:_identify(imgs) by extension 'python_setup_py'
[0.199s] Level 1:colcon.colcon_core.package_identification:_identify(install) by extensions ['ignore', 'ignore_ament_install']
[0.199s] Level 1:colcon.colcon_core.package_identification:_identify(install) by extension 'ignore'
[0.199s] Level 1:colcon.colcon_core.package_identification:_identify(install) ignored
[0.199s] Level 1:colcon.colcon_core.package_identification:_identify(lab7_pkg) by extensions ['ignore', 'ignore_ament_install']
[0.199s] Level 1:colcon.colcon_core.package_identification:_identify(lab7_pkg) by extension 'ignore'
[0.199s] Level 1:colcon.colcon_core.package_identification:_identify(lab7_pkg) by extension 'ignore_ament_install'
[0.199s] Level 1:colcon.colcon_core.package_identification:_identify(lab7_pkg) by extensions ['colcon_pkg']
[0.199s] Level 1:colcon.colcon_core.package_identification:_identify(lab7_pkg) by extension 'colcon_pkg'
[0.199s] Level 1:colcon.colcon_core.package_identification:_identify(lab7_pkg) by extensions ['colcon_meta']
[0.199s] Level 1:colcon.colcon_core.package_identification:_identify(lab7_pkg) by extension 'colcon_meta'
[0.199s] Level 1:colcon.colcon_core.package_identification:_identify(lab7_pkg) by extensions ['ros']
[0.199s] Level 1:colcon.colcon_core.package_identification:_identify(lab7_pkg) by extension 'ros'
[0.201s] DEBUG:colcon.colcon_core.package_identification:Package 'lab7_pkg' with type 'ros.ament_cmake' and name 'lab7_pkg'
[0.201s] Level 1:colcon.colcon_core.package_identification:_identify(log) by extensions ['ignore', 'ignore_ament_install']
[0.201s] Level 1:colcon.colcon_core.package_identification:_identify(log) by extension 'ignore'
[0.201s] Level 1:colcon.colcon_core.package_identification:_identify(log) ignored
[0.201s] Level 1:colcon.colcon_core.package_discovery:discover_packages(recursive) using defaults
[0.201s] Level 1:colcon.colcon_core.package_discovery:discover_packages(ignore) discover
[0.201s] Level 1:colcon.colcon_core.package_discovery:discover_packages(ignore) using defaults
[0.201s] Level 1:colcon.colcon_core.package_discovery:discover_packages(path) discover
[0.201s] Level 1:colcon.colcon_core.package_discovery:discover_packages(path) using defaults
[0.224s] Level 1:colcon.colcon_core.package_discovery:discover_packages(prefix_path) check parameters
[0.224s] Level 1:colcon.colcon_core.package_discovery:discover_packages(prefix_path) discover
[0.225s] DEBUG:colcon.colcon_installed_package_information.package_discovery:Found 1 installed packages in /home/avani/sim_ws/src/lab-6-motion-planning-team3/install
[0.225s] DEBUG:colcon.colcon_installed_package_information.package_discovery:Found 2 installed packages in /home/avani/roboracer_ws/install
[0.226s] DEBUG:colcon.colcon_installed_package_information.package_discovery:Found 286 installed packages in /opt/ros/humble
[0.227s] Level 1:colcon.colcon_core.package_discovery:discover_packages(prefix_path) using defaults
[0.389s] Level 5:colcon.colcon_core.verb:set package 'lab7_pkg' build argument 'cmake_args' from command line to 'None'
[0.389s] Level 5:colcon.colcon_core.verb:set package 'lab7_pkg' build argument 'cmake_target' from command line to 'None'
[0.389s] Level 5:colcon.colcon_core.verb:set package 'lab7_pkg' build argument 'cmake_target_skip_unavailable' from command line to 'False'
[0.389s] Level 5:colcon.colcon_core.verb:set package 'lab7_pkg' build argument 'cmake_clean_cache' from command line to 'False'
[0.389s] Level 5:colcon.colcon_core.verb:set package 'lab7_pkg' build argument 'cmake_clean_first' from command line to 'False'
[0.389s] Level 5:colcon.colcon_core.verb:set package 'lab7_pkg' build argument 'cmake_force_configure' from command line to 'False'
[0.389s] Level 5:colcon.colcon_core.verb:set package 'lab7_pkg' build argument 'ament_cmake_args' from command line to 'None'
[0.389s] Level 5:colcon.colcon_core.verb:set package 'lab7_pkg' build argument 'catkin_cmake_args' from command line to 'None'
[0.389s] Level 5:colcon.colcon_core.verb:set package 'lab7_pkg' build argument 'catkin_skip_building_tests' from command line to 'False'
[0.389s] DEBUG:colcon.colcon_core.verb:Building package 'lab7_pkg' with the following arguments: {'ament_cmake_args': None, 'build_base': '/home/avani/sim_ws/src/lab-6-motion-planning-team3/build/lab7_pkg', 'catkin_cmake_args': None, 'catkin_skip_building_tests': False, 'cmake_args': None, 'cmake_clean_cache': False, 'cmake_clean_first': False, 'cmake_force_configure': False, 'cmake_target': None, 'cmake_target_skip_unavailable': False, 'install_base': '/home/avani/sim_ws/src/lab-6-motion-planning-team3/install/lab7_pkg', 'merge_install': False, 'path': '/home/avani/sim_ws/src/lab-6-motion-planning-team3/lab7_pkg', 'symlink_install': False, 'test_result_base': None}
[0.390s] INFO:colcon.colcon_core.executor:Executing jobs using 'parallel' executor
[0.390s] DEBUG:colcon.colcon_parallel_executor.executor.parallel:run_until_complete
[0.390s] INFO:colcon.colcon_ros.task.ament_cmake.build:Building ROS package in '/home/avani/sim_ws/src/lab-6-motion-planning-team3/lab7_pkg' with build type 'ament_cmake'
[0.391s] INFO:colcon.colcon_cmake.task.cmake.build:Building CMake package in '/home/avani/sim_ws/src/lab-6-motion-planning-team3/lab7_pkg'
[0.392s] INFO:colcon.colcon_core.plugin_system:Skipping extension 'colcon_core.shell.bat': Not used on non-Windows systems
[0.393s] INFO:colcon.colcon_core.shell:Skip shell extension 'powershell' for command environment: Not usable outside of PowerShell
[0.393s] DEBUG:colcon.colcon_core.shell:Skip shell extension 'dsv' for command environment
[0.406s] DEBUG:colcon.colcon_core.event_handler.log_command:Invoking command in '/home/avani/sim_ws/src/lab-6-motion-planning-team3/build/lab7_pkg': CMAKE_PREFIX_PATH=${CMAKE_PREFIX_PATH}:/home/avani/roboracer_ws/install/f1tenth_gym_ros:/opt/ros/humble /usr/bin/cmake --build /home/avani/sim_ws/src/lab-6-motion-planning-team3/build/lab7_pkg -- -j4 -l4
[13.289s] DEBUG:colcon.colcon_core.event_handler.log_command:Invoked command in '/home/avani/sim_ws/src/lab-6-motion-planning-team3/build/lab7_pkg' returned '0': CMAKE_PREFIX_PATH=${CMAKE_PREFIX_PATH}:/home/avani/roboracer_ws/install/f1tenth_gym_ros:/opt/ros/humble /usr/bin/cmake --build /home/avani/sim_ws/src/lab-6-motion-planning-team3/build/lab7_pkg -- -j4 -l4
[13.303s] DEBUG:colcon.colcon_core.event_handler.log_command:Invoking command in '/home/avani/sim_ws/src/lab-6-motion-planning-team3/build/lab7_pkg': CMAKE_PREFIX_PATH=${CMAKE_PREFIX_PATH}:/home/avani/roboracer_ws/install/f1tenth_gym_ros:/opt/ros/humble /usr/bin/cmake --install /home/avani/sim_ws/src/lab-6-motion-planning-team3/build/lab7_pkg
[13.378s] Level 1:colcon.colcon_core.environment:create_environment_scripts_only(lab7_pkg)
[13.379s] DEBUG:colcon.colcon_core.event_handler.log_command:Invoked command in '/home/avani/sim_ws/src/lab-6-motion-planning-team3/build/lab7_pkg' returned '0': CMAKE_PREFIX_PATH=${CMAKE_PREFIX_PATH}:/home/avani/roboracer_ws/install/f1tenth_gym_ros:/opt/ros/humble /usr/bin/cmake --install /home/avani/sim_ws/src/lab-6-motion-planning-team3/build/lab7_pkg
[13.380s] Level 1:colcon.colcon_core.environment:checking '/home/avani/sim_ws/src/lab-6-motion-planning-team3/install/lab7_pkg' for CMake module files
[13.381s] Level 1:colcon.colcon_core.environment:checking '/home/avani/sim_ws/src/lab-6-motion-planning-team3/install/lab7_pkg' for CMake config files
[13.381s] Level 1:colcon.colcon_core.shell:create_environment_hook('lab7_pkg', 'cmake_prefix_path')
[13.382s] INFO:colcon.colcon_core.shell:Creating environment hook '/home/avani/sim_ws/src/lab-6-motion-planning-team3/install/lab7_pkg/share/lab7_pkg/hook/cmake_prefix_path.ps1'
[13.383s] INFO:colcon.colcon_core.shell:Creating environment descriptor '/home/avani/sim_ws/src/lab-6-motion-planning-team3/install/lab7_pkg/share/lab7_pkg/hook/cmake_prefix_path.dsv'
[13.384s] INFO:colcon.colcon_core.shell:Creating environment hook '/home/avani/sim_ws/src/lab-6-motion-planning-team3/install/lab7_pkg/share/lab7_pkg/hook/cmake_prefix_path.sh'
[13.385s] Level 1:colcon.colcon_core.environment:checking '/home/avani/sim_ws/src/lab-6-motion-planning-team3/install/lab7_pkg/lib'
[13.385s] Level 1:colcon.colcon_core.environment:checking '/home/avani/sim_ws/src/lab-6-motion-planning-team3/install/lab7_pkg/bin'
[13.385s] Level 1:colcon.colcon_core.environment:checking '/home/avani/sim_ws/src/lab-6-motion-planning-team3/install/lab7_pkg/lib/pkgconfig/lab7_pkg.pc'
[13.385s] Level 1:colcon.colcon_core.environment:checking '/home/avani/sim_ws/src/lab-6-motion-planning-team3/install/lab7_pkg/lib/python3.10/site-packages'
[13.385s] Level 1:colcon.colcon_core.environment:checking '/home/avani/sim_ws/src/lab-6-motion-planning-team3/install/lab7_pkg/bin'
[13.386s] INFO:colcon.colcon_core.shell:Creating package script '/home/avani/sim_ws/src/lab-6-motion-planning-team3/install/lab7_pkg/share/lab7_pkg/package.ps1'
[13.387s] INFO:colcon.colcon_core.shell:Creating package descriptor '/home/avani/sim_ws/src/lab-6-motion-planning-team3/install/lab7_pkg/share/lab7_pkg/package.dsv'
[13.388s] INFO:colcon.colcon_core.shell:Creating package script '/home/avani/sim_ws/src/lab-6-motion-planning-team3/install/lab7_pkg/share/lab7_pkg/package.sh'
[13.389s] INFO:colcon.colcon_core.shell:Creating package script '/home/avani/sim_ws/src/lab-6-motion-planning-team3/install/lab7_pkg/share/lab7_pkg/package.bash'
[13.390s] INFO:colcon.colcon_core.shell:Creating package script '/home/avani/sim_ws/src/lab-6-motion-planning-team3/install/lab7_pkg/share/lab7_pkg/package.zsh'
[13.391s] Level 1:colcon.colcon_core.environment:create_file_with_runtime_dependencies(/home/avani/sim_ws/src/lab-6-motion-planning-team3/install/lab7_pkg/share/colcon-core/packages/lab7_pkg)
[13.391s] Level 1:colcon.colcon_core.environment:create_environment_scripts_only(lab7_pkg)
[13.392s] Level 1:colcon.colcon_core.environment:checking '/home/avani/sim_ws/src/lab-6-motion-planning-team3/install/lab7_pkg' for CMake module files
[13.392s] Level 1:colcon.colcon_core.environment:checking '/home/avani/sim_ws/src/lab-6-motion-planning-team3/install/lab7_pkg' for CMake config files
[13.392s] Level 1:colcon.colcon_core.shell:create_environment_hook('lab7_pkg', 'cmake_prefix_path')
[13.393s] INFO:colcon.colcon_core.shell:Creating environment hook '/home/avani/sim_ws/src/lab-6-motion-planning-team3/install/lab7_pkg/share/lab7_pkg/hook/cmake_prefix_path.ps1'
[13.393s] INFO:colcon.colcon_core.shell:Creating environment descriptor '/home/avani/sim_ws/src/lab-6-motion-planning-team3/install/lab7_pkg/share/lab7_pkg/hook/cmake_prefix_path.dsv'
[13.394s] INFO:colcon.colcon_core.shell:Creating environment hook '/home/avani/sim_ws/src/lab-6-motion-planning-team3/install/lab7_pkg/share/lab7_pkg/hook/cmake_prefix_path.sh'
[13.394s] Level 1:colcon.colcon_core.environment:checking '/home/avani/sim_ws/src/lab-6-motion-planning-team3/install/lab7_pkg/lib'
[13.395s] Level 1:colcon.colcon_core.environment:checking '/home/avani/sim_ws/src/lab-6-motion-planning-team3/install/lab7_pkg/bin'
[13.395s] Level 1:colcon.colcon_core.environment:checking '/home/avani/sim_ws/src/lab-6-motion-planning-team3/install/lab7_pkg/lib/pkgconfig/lab7_pkg.pc'
[13.395s] Level 1:colcon.colcon_core.environment:checking '/home/avani/sim_ws/src/lab-6-motion-planning-team3/install/lab7_pkg/lib/python3.10/site-packages'
[13.395s] Level 1:colcon.colcon_core.environment:checking '/home/avani/sim_ws/src/lab-6-motion-planning-team3/install/lab7_pkg/bin'
[13.395s] INFO:colcon.colcon_core.shell:Creating package script '/home/avani/sim_ws/src/lab-6-motion-planning-team3/install/lab7_pkg/share/lab7_pkg/package.ps1'
[13.396s] INFO:colcon.colcon_core.shell:Creating package descriptor '/home/avani/sim_ws/src/lab-6-motion-planning-team3/install/lab7_pkg/share/lab7_pkg/package.dsv'
[13.396s] INFO:colcon.colcon_core.shell:Creating package script '/home/avani/sim_ws/src/lab-6-motion-planning-team3/install/lab7_pkg/share/lab7_pkg/package.sh'
[13.397s] INFO:colcon.colcon_core.shell:Creating package script '/home/avani/sim_ws/src/lab-6-motion-planning-team3/install/lab7_pkg/share/lab7_pkg/package.bash'
[13.397s] INFO:colcon.colcon_core.shell:Creating package script '/home/avani/sim_ws/src/lab-6-motion-planning-team3/install/lab7_pkg/share/lab7_pkg/package.zsh'
[13.398s] Level 1:colcon.colcon_core.environment:create_file_with_runtime_dependencies(/home/avani/sim_ws/src/lab-6-motion-planning-team3/install/lab7_pkg/share/colcon-core/packages/lab7_pkg)
[13.398s] DEBUG:colcon.colcon_parallel_executor.executor.parallel:closing loop
[13.398s] DEBUG:colcon.colcon_parallel_executor.executor.parallel:loop closed
[13.399s] DEBUG:colcon.colcon_parallel_executor.executor.parallel:run_until_complete finished with '0'
[13.399s] DEBUG:colcon.colcon_core.event_reactor:joining thread
[13.403s] INFO:colcon.colcon_core.plugin_system:Skipping extension 'colcon_notification.desktop_notification.terminal_notifier': Not used on non-Darwin systems
[13.403s] INFO:colcon.colcon_core.plugin_system:Skipping extension 'colcon_notification.desktop_notification.win32': Not used on non-Windows systems
[13.403s] INFO:colcon.colcon_notification.desktop_notification:Sending desktop notification using 'notify2'
[13.418s] DEBUG:colcon.colcon_core.event_reactor:joined thread
[13.418s] INFO:colcon.colcon_core.shell:Creating prefix script '/home/avani/sim_ws/src/lab-6-motion-planning-team3/install/local_setup.ps1'
[13.419s] INFO:colcon.colcon_core.shell:Creating prefix util module '/home/avani/sim_ws/src/lab-6-motion-planning-team3/install/_local_setup_util_ps1.py'
[13.420s] INFO:colcon.colcon_core.shell:Creating prefix chain script '/home/avani/sim_ws/src/lab-6-motion-planning-team3/install/setup.ps1'
[13.422s] INFO:colcon.colcon_core.shell:Creating prefix script '/home/avani/sim_ws/src/lab-6-motion-planning-team3/install/local_setup.sh'
[13.422s] INFO:colcon.colcon_core.shell:Creating prefix util module '/home/avani/sim_ws/src/lab-6-motion-planning-team3/install/_local_setup_util_sh.py'
[13.423s] INFO:colcon.colcon_core.shell:Creating prefix chain script '/home/avani/sim_ws/src/lab-6-motion-planning-team3/install/setup.sh'
[13.425s] INFO:colcon.colcon_core.shell:Creating prefix script '/home/avani/sim_ws/src/lab-6-motion-planning-team3/install/local_setup.bash'
[13.425s] INFO:colcon.colcon_core.shell:Creating prefix chain script '/home/avani/sim_ws/src/lab-6-motion-planning-team3/install/setup.bash'
[13.426s] INFO:colcon.colcon_core.shell:Creating prefix script '/home/avani/sim_ws/src/lab-6-motion-planning-team3/install/local_setup.zsh'
[13.427s] INFO:colcon.colcon_core.shell:Creating prefix chain script '/home/avani/sim_ws/src/lab-6-motion-planning-team3/install/setup.zsh'
